2024-04-11 23:03:34,440:INFO:Initializing load_model()
2024-04-11 23:03:34,440:INFO:load_model(model_name=../data/finalModel/Hmp1/rbfsvm_final, platform=None, authentication=None, verbose=True)
2024-04-11 23:03:34,443:INFO:Initializing load_model()
2024-04-11 23:03:34,443:INFO:load_model(model_name=../data/finalModel/Hmp1/lightgbm_final, platform=None, authentication=None, verbose=True)
2024-04-11 23:03:34,453:INFO:Initializing load_model()
2024-04-11 23:03:34,453:INFO:load_model(model_name=../data/finalModel/Hmp1/gbc_final, platform=None, authentication=None, verbose=True)
2024-04-12 12:46:58,470:INFO:Initializing load_model()
2024-04-12 12:46:58,470:INFO:load_model(model_name=../data/finalModel/Hmp1/rbfsvm_final, platform=None, authentication=None, verbose=True)
2024-04-12 12:46:58,475:INFO:Initializing load_model()
2024-04-12 12:46:58,475:INFO:load_model(model_name=../data/finalModel/Hmp1/lightgbm_final, platform=None, authentication=None, verbose=True)
2024-04-12 12:46:58,484:INFO:Initializing load_model()
2024-04-12 12:46:58,484:INFO:load_model(model_name=../data/finalModel/Hmp1/gbc_final, platform=None, authentication=None, verbose=True)
2024-04-13 00:08:44,004:INFO:Initializing load_model()
2024-04-13 00:08:44,005:INFO:load_model(model_name=../data/finalModel/Hmp1/rbfsvm_final, platform=None, authentication=None, verbose=True)
2024-04-13 00:08:44,010:INFO:Initializing load_model()
2024-04-13 00:08:44,010:INFO:load_model(model_name=../data/finalModel/Hmp1/lightgbm_final, platform=None, authentication=None, verbose=True)
2024-04-13 00:08:44,021:INFO:Initializing load_model()
2024-04-13 00:08:44,021:INFO:load_model(model_name=../data/finalModel/Hmp1/gbc_final, platform=None, authentication=None, verbose=True)
2024-04-13 00:32:32,141:INFO:Initializing load_model()
2024-04-13 00:32:32,142:INFO:load_model(model_name=../data/finalModel/Hmp1/rbfsvm_final, platform=None, authentication=None, verbose=True)
2024-04-13 00:32:32,151:INFO:Initializing load_model()
2024-04-13 00:32:32,151:INFO:load_model(model_name=../data/finalModel/Hmp1/lightgbm_final, platform=None, authentication=None, verbose=True)
2024-04-13 00:32:32,166:INFO:Initializing load_model()
2024-04-13 00:32:32,166:INFO:load_model(model_name=../data/finalModel/Hmp1/gbc_final, platform=None, authentication=None, verbose=True)
2024-04-13 02:01:05,482:INFO:Initializing load_model()
2024-04-13 02:01:05,482:INFO:load_model(model_name=../data/finalModel/Hmp1/rbfsvm_final, platform=None, authentication=None, verbose=True)
2024-04-13 02:01:05,484:INFO:Initializing load_model()
2024-04-13 02:01:05,484:INFO:load_model(model_name=../data/finalModel/Hmp1/lightgbm_final, platform=None, authentication=None, verbose=True)
2024-04-13 02:01:05,491:INFO:Initializing load_model()
2024-04-13 02:01:05,491:INFO:load_model(model_name=../data/finalModel/Hmp1/gbc_final, platform=None, authentication=None, verbose=True)
2024-04-13 02:02:57,941:INFO:Initializing load_model()
2024-04-13 02:02:57,941:INFO:load_model(model_name=../data/finalModel/Hmp2/rbfsvm_final, platform=None, authentication=None, verbose=True)
2024-04-13 02:02:57,944:INFO:Initializing load_model()
2024-04-13 02:02:57,944:INFO:load_model(model_name=../data/finalModel/Hmp2/lightgbm_final, platform=None, authentication=None, verbose=True)
2024-04-13 02:02:57,953:INFO:Initializing load_model()
2024-04-13 02:02:57,953:INFO:load_model(model_name=../data/finalModel/Hmp2/gbc_final, platform=None, authentication=None, verbose=True)
2024-04-13 02:06:30,411:INFO:Initializing load_model()
2024-04-13 02:06:30,412:INFO:load_model(model_name=../data/finalModel/Hmp2/rbfsvm_final, platform=None, authentication=None, verbose=True)
2024-04-13 02:06:30,413:INFO:Initializing load_model()
2024-04-13 02:06:30,413:INFO:load_model(model_name=../data/finalModel/Hmp2/lightgbm_final, platform=None, authentication=None, verbose=True)
2024-04-13 02:06:30,420:INFO:Initializing load_model()
2024-04-13 02:06:30,420:INFO:load_model(model_name=../data/finalModel/Hmp2/gbc_final, platform=None, authentication=None, verbose=True)
2024-04-13 02:08:23,700:INFO:Initializing load_model()
2024-04-13 02:08:23,700:INFO:load_model(model_name=../data/finalModel/Hmp2/rbfsvm_final, platform=None, authentication=None, verbose=True)
2024-04-13 02:08:23,702:INFO:Initializing load_model()
2024-04-13 02:08:23,702:INFO:load_model(model_name=../data/finalModel/Hmp2/lightgbm_final, platform=None, authentication=None, verbose=True)
2024-04-13 02:08:23,709:INFO:Initializing load_model()
2024-04-13 02:08:23,709:INFO:load_model(model_name=../data/finalModel/Hmp2/gbc_final, platform=None, authentication=None, verbose=True)
2024-04-13 02:08:38,652:INFO:Initializing load_model()
2024-04-13 02:08:38,652:INFO:load_model(model_name=../data/finalModel/Hmp3/rbfsvm_final, platform=None, authentication=None, verbose=True)
2024-04-13 02:08:38,655:INFO:Initializing load_model()
2024-04-13 02:08:38,655:INFO:load_model(model_name=../data/finalModel/Hmp3/lightgbm_final, platform=None, authentication=None, verbose=True)
2024-04-13 02:08:38,661:INFO:Initializing load_model()
2024-04-13 02:08:38,661:INFO:load_model(model_name=../data/finalModel/Hmp3/gbc_final, platform=None, authentication=None, verbose=True)
2024-04-13 02:17:58,340:INFO:Initializing load_model()
2024-04-13 02:17:58,340:INFO:load_model(model_name=../data/finalModel/Hmpm/rbfsvm_final, platform=None, authentication=None, verbose=True)
2024-04-13 02:17:58,343:INFO:Initializing load_model()
2024-04-13 02:17:58,343:INFO:load_model(model_name=../data/finalModel/Hmpm/lightgbm_final, platform=None, authentication=None, verbose=True)
2024-04-13 02:17:58,349:INFO:Initializing load_model()
2024-04-13 02:17:58,349:INFO:load_model(model_name=../data/finalModel/Hmpm/gbc_final, platform=None, authentication=None, verbose=True)
